2024-10-28 05:13:28  INFO: Operating system name: Linux version: 6.8.0-47-generic architecture: amd64
2024-10-28 05:13:28  INFO: Java runtime name: OpenJDK 64-Bit Server VM vendor: Alpine version: 17.0.12+7-alpine-r0
2024-10-28 05:13:28  INFO: Memory limit heap: 1024mb non-heap: 0mb
2024-10-28 05:13:28  INFO: Character encoding: UTF-8
2024-10-28 05:13:28  INFO: Version: 6.5
2024-10-28 05:13:28  INFO: Starting server...
2024-10-28 05:13:28 ERROR: Main method error - ${DATABASE_DRIVER} - ClassNotFoundException (... < DatabaseModule:64 < <gener:-1 < *:-1 < ... < MainModule:138 < <gener:-1 < ...)
2024-10-28 05:14:37  INFO: Operating system name: Linux version: 6.8.0-47-generic architecture: amd64
2024-10-28 05:14:37  INFO: Java runtime name: OpenJDK 64-Bit Server VM vendor: Alpine version: 17.0.12+7-alpine-r0
2024-10-28 05:14:37  INFO: Memory limit heap: 1024mb non-heap: 0mb
2024-10-28 05:14:37  INFO: Character encoding: UTF-8
2024-10-28 05:14:37  INFO: Version: 6.5
2024-10-28 05:14:37  INFO: Starting server...
2024-10-28 05:14:37 ERROR: Main method error - ${DATABASE_DRIVER} - ClassNotFoundException (... < DatabaseModule:64 < <gener:-1 < *:-1 < ... < MainModule:138 < <gener:-1 < ...)
2024-10-28 05:15:46  INFO: Operating system name: Linux version: 6.8.0-47-generic architecture: amd64
2024-10-28 05:15:46  INFO: Java runtime name: OpenJDK 64-Bit Server VM vendor: Alpine version: 17.0.12+7-alpine-r0
2024-10-28 05:15:46  INFO: Memory limit heap: 1024mb non-heap: 0mb
2024-10-28 05:15:46  INFO: Character encoding: UTF-8
2024-10-28 05:15:46  INFO: Version: 6.5
2024-10-28 05:15:46  INFO: Starting server...
2024-10-28 05:15:46 ERROR: Main method error - ${DATABASE_DRIVER} - ClassNotFoundException (... < DatabaseModule:64 < <gener:-1 < *:-1 < ... < MainModule:138 < <gener:-1 < ...)
2024-10-28 05:16:55  INFO: Operating system name: Linux version: 6.8.0-47-generic architecture: amd64
2024-10-28 05:16:55  INFO: Java runtime name: OpenJDK 64-Bit Server VM vendor: Alpine version: 17.0.12+7-alpine-r0
2024-10-28 05:16:55  INFO: Memory limit heap: 1024mb non-heap: 0mb
2024-10-28 05:16:55  INFO: Character encoding: UTF-8
2024-10-28 05:16:55  INFO: Version: 6.5
2024-10-28 05:16:55  INFO: Starting server...
2024-10-28 05:16:55 ERROR: Main method error - ${DATABASE_DRIVER} - ClassNotFoundException (... < DatabaseModule:64 < <gener:-1 < *:-1 < ... < MainModule:138 < <gener:-1 < ...)
2024-10-28 05:18:03  INFO: Operating system name: Linux version: 6.8.0-47-generic architecture: amd64
2024-10-28 05:18:03  INFO: Java runtime name: OpenJDK 64-Bit Server VM vendor: Alpine version: 17.0.12+7-alpine-r0
2024-10-28 05:18:03  INFO: Memory limit heap: 1024mb non-heap: 0mb
2024-10-28 05:18:03  INFO: Character encoding: UTF-8
2024-10-28 05:18:03  INFO: Version: 6.5
2024-10-28 05:18:03  INFO: Starting server...
2024-10-28 05:18:03 ERROR: Main method error - ${DATABASE_DRIVER} - ClassNotFoundException (... < DatabaseModule:64 < <gener:-1 < *:-1 < ... < MainModule:138 < <gener:-1 < ...)
2024-10-28 05:19:12  INFO: Operating system name: Linux version: 6.8.0-47-generic architecture: amd64
2024-10-28 05:19:12  INFO: Java runtime name: OpenJDK 64-Bit Server VM vendor: Alpine version: 17.0.12+7-alpine-r0
2024-10-28 05:19:12  INFO: Memory limit heap: 1024mb non-heap: 0mb
2024-10-28 05:19:12  INFO: Character encoding: UTF-8
2024-10-28 05:19:12  INFO: Version: 6.5
2024-10-28 05:19:12  INFO: Starting server...
2024-10-28 05:19:12  INFO: HikariPool-1 - Starting...
2024-10-28 05:19:18 ERROR: Main method error - dpg-csfhrupu0jms73fg6h50-a - UnknownHostException (... < DatabaseModule:80 < <gener:-1 < *:-1 < ... < MainModule:138 < <gener:-1 < ...)
